
6월 14, 2022 16:23:01.48 NEW SESSION
6월 14, 2022 16:23:01.48 [3984:7084:0614/162301.485:ERROR:network_change_notifier_win.cc(225)] WSALookupServiceBegin failed with: 0
6월 14, 2022 16:23:05.45 [3984:7084:0614/162305.452:ERROR:device_event_log_impl.cc(214)] [16:23:05.451] Bluetooth: bluetooth_adapter_winrt.cc:1074 Getting Default Adapter failed.
6월 14, 2022 16:24:03.14 [3984:3864:0614/162403.141:ERROR:util.cc(127)] Can't create base directory: C:\Program Files\Google\GoogleUpdater

7월 27, 2022 15:59:33.39 NEW SESSION
7월 27, 2022 15:59:33.39 [5572:6788:0727/155933.394:ERROR:network_change_notifier_win.cc(225)] WSALookupServiceBegin failed with: 0
7월 27, 2022 15:59:37.46 [5572:6788:0727/155937.463:ERROR:device_event_log_impl.cc(214)] [15:59:37.463] Bluetooth: bluetooth_adapter_winrt.cc:1074 Getting Default Adapter failed.
7월 27, 2022 16:08:26.36 [3188:5312:0727/160826.369:ERROR:network_change_notifier_win.cc(225)] WSALookupServiceBegin failed with: 0
7월 27, 2022 16:08:29.40 [3188:5312:0727/160829.407:ERROR:device_event_log_impl.cc(214)] [16:08:29.408] Bluetooth: bluetooth_adapter_winrt.cc:1074 Getting Default Adapter failed.
7월 27, 2022 16:11:39.79 [2584:8864:0727/161139.796:ERROR:network_change_notifier_win.cc(225)] WSALookupServiceBegin failed with: 0
7월 27, 2022 16:11:42.16 [2584:8864:0727/161142.165:ERROR:device_event_log_impl.cc(214)] [16:11:42.165] Bluetooth: bluetooth_adapter_winrt.cc:1074 Getting Default Adapter failed.
7월 27, 2022 16:11:58.91 [7372:3684:0727/161158.916:ERROR:network_change_notifier_win.cc(225)] WSALookupServiceBegin failed with: 0
7월 27, 2022 16:12:01.22 [7372:3684:0727/161201.224:ERROR:device_event_log_impl.cc(214)] [16:12:01.224] Bluetooth: bluetooth_adapter_winrt.cc:1074 Getting Default Adapter failed.
7월 27, 2022 16:15:19.94 [9360:6464:0727/161519.940:ERROR:network_change_notifier_win.cc(225)] WSALookupServiceBegin failed with: 0
7월 27, 2022 16:15:22.35 [9360:6464:0727/161522.356:ERROR:device_event_log_impl.cc(214)] [16:15:22.356] Bluetooth: bluetooth_adapter_winrt.cc:1074 Getting Default Adapter failed.
7월 27, 2022 16:18:04.71 [9588:7212:0727/161804.719:ERROR:network_change_notifier_win.cc(225)] WSALookupServiceBegin failed with: 0
7월 27, 2022 16:18:07.04 [9588:7212:0727/161807.041:ERROR:device_event_log_impl.cc(214)] [16:18:07.041] Bluetooth: bluetooth_adapter_winrt.cc:1074 Getting Default Adapter failed.
7월 27, 2022 16:21:37.12 [9848:3572:0727/162137.126:ERROR:network_change_notifier_win.cc(225)] WSALookupServiceBegin failed with: 0
7월 27, 2022 16:21:40.33 [9848:3572:0727/162140.336:ERROR:device_event_log_impl.cc(214)] [16:21:40.336] Bluetooth: bluetooth_adapter_winrt.cc:1074 Getting Default Adapter failed.
7월 27, 2022 16:25:14.07 [3908:7448:0727/162514.077:ERROR:network_change_notifier_win.cc(225)] WSALookupServiceBegin failed with: 0
7월 27, 2022 16:25:16.42 [3908:7448:0727/162516.423:ERROR:device_event_log_impl.cc(214)] [16:25:16.423] Bluetooth: bluetooth_adapter_winrt.cc:1074 Getting Default Adapter failed.
7월 27, 2022 16:33:57.89 [1272:6932:0727/163357.890:ERROR:network_change_notifier_win.cc(225)] WSALookupServiceBegin failed with: 0
7월 27, 2022 16:34:01.18 [1272:6932:0727/163401.186:ERROR:device_event_log_impl.cc(214)] [16:34:01.187] Bluetooth: bluetooth_adapter_winrt.cc:1074 Getting Default Adapter failed.

7월 27, 2022 17:20:13.36 NEW SESSION
7월 27, 2022 17:20:13.36 [5460:3248:0727/172013.367:ERROR:network_change_notifier_win.cc(225)] WSALookupServiceBegin failed with: 0
7월 27, 2022 17:20:15.80 [5460:3248:0727/172015.805:ERROR:device_event_log_impl.cc(214)] [17:20:15.805] Bluetooth: bluetooth_adapter_winrt.cc:1074 Getting Default Adapter failed.

7월 27, 2022 17:24:44.56 NEW SESSION
7월 27, 2022 17:24:44.56 [6692:3384:0727/172444.563:ERROR:network_change_notifier_win.cc(225)] WSALookupServiceBegin failed with: 0
7월 27, 2022 17:27:44.80 [6692:3384:0727/172744.805:ERROR:device_event_log_impl.cc(214)] [17:27:44.806] Bluetooth: bluetooth_adapter_winrt.cc:1074 Getting Default Adapter failed.
7월 27, 2022 17:27:44.87 [6692:7400:0727/172744.870:ERROR:util.cc(127)] Can't create base directory: C:\Program Files\Google\GoogleUpdater
7월 27, 2022 17:43:20.04 [7368:568:0727/174320.046:ERROR:network_change_notifier_win.cc(225)] WSALookupServiceBegin failed with: 0
7월 27, 2022 17:43:22.84 [7368:568:0727/174322.845:ERROR:device_event_log_impl.cc(214)] [17:43:22.845] Bluetooth: bluetooth_adapter_winrt.cc:1074 Getting Default Adapter failed.

7월 29, 2022 14:31:28.22 NEW SESSION
7월 29, 2022 14:31:28.22 [3784:5020:0729/143128.227:ERROR:network_change_notifier_win.cc(225)] WSALookupServiceBegin failed with: 0
7월 29, 2022 14:31:32.76 [3784:5020:0729/143132.763:ERROR:device_event_log_impl.cc(214)] [14:31:32.763] Bluetooth: bluetooth_adapter_winrt.cc:1074 Getting Default Adapter failed.
7월 29, 2022 14:32:29.04 [3784:6592:0729/143229.044:ERROR:util.cc(127)] Can't create base directory: C:\Program Files\Google\GoogleUpdater
7월 29, 2022 14:47:04.86 [3784:7396:0729/144704.867:ERROR:network_change_notifier_win.cc(225)] WSALookupServiceBegin failed with: 0
7월 29, 2022 14:47:05.86 [3784:8692:0729/144705.868:ERROR:network_change_notifier_win.cc(225)] WSALookupServiceBegin failed with: 0
7월 29, 2022 15:22:28.60 [4516:7148:0729/152228.604:ERROR:network_change_notifier_win.cc(225)] WSALookupServiceBegin failed with: 0
7월 29, 2022 15:22:32.64 [4516:7148:0729/152232.641:ERROR:device_event_log_impl.cc(214)] [15:22:32.640] Bluetooth: bluetooth_adapter_winrt.cc:1074 Getting Default Adapter failed.
7월 29, 2022 15:23:28.81 [4516:8056:0729/152328.816:ERROR:util.cc(127)] Can't create base directory: C:\Program Files\Google\GoogleUpdater

7월 29, 2022 15:28:46.31 NEW SESSION
7월 29, 2022 15:28:46.31 [2596:9788:0729/152846.316:ERROR:network_change_notifier_win.cc(225)] WSALookupServiceBegin failed with: 0
7월 29, 2022 15:28:49.29 [2596:9788:0729/152849.299:ERROR:device_event_log_impl.cc(214)] [15:28:49.298] Bluetooth: bluetooth_adapter_winrt.cc:1074 Getting Default Adapter failed.
7월 29, 2022 15:29:46.49 [2596:1712:0729/152946.490:ERROR:util.cc(127)] Can't create base directory: C:\Program Files\Google\GoogleUpdater

7월 29, 2022 21:17:55.60 NEW SESSION
7월 29, 2022 21:17:55.60 [9636:8736:0729/211755.604:ERROR:network_change_notifier_win.cc(225)] WSALookupServiceBegin failed with: 0
7월 29, 2022 21:17:58.57 [9636:8736:0729/211758.575:ERROR:device_event_log_impl.cc(214)] [21:17:58.575] Bluetooth: bluetooth_adapter_winrt.cc:1074 Getting Default Adapter failed.
7월 29, 2022 21:18:55.78 [9636:7988:0729/211855.785:ERROR:util.cc(127)] Can't create base directory: C:\Program Files\Google\GoogleUpdater
7월 29, 2022 21:29:22.95 [3996:10076:0729/212922.951:ERROR:network_change_notifier_win.cc(225)] WSALookupServiceBegin failed with: 0
7월 29, 2022 21:29:25.65 [3996:10076:0729/212925.654:ERROR:device_event_log_impl.cc(214)] [21:29:25.654] Bluetooth: bluetooth_adapter_winrt.cc:1074 Getting Default Adapter failed.
7월 29, 2022 21:30:23.13 [3996:1896:0729/213023.129:ERROR:util.cc(127)] Can't create base directory: C:\Program Files\Google\GoogleUpdater
7월 29, 2022 21:50:46.55 [7276:7304:0729/215046.551:ERROR:network_change_notifier_win.cc(225)] WSALookupServiceBegin failed with: 0
7월 29, 2022 21:50:49.90 [7276:7304:0729/215049.900:ERROR:device_event_log_impl.cc(214)] [21:50:49.901] Bluetooth: bluetooth_adapter_winrt.cc:1074 Getting Default Adapter failed.
7월 29, 2022 21:51:46.74 [7276:1324:0729/215146.748:ERROR:util.cc(127)] Can't create base directory: C:\Program Files\Google\GoogleUpdater
7월 29, 2022 22:08:48.97 [6248:8328:0729/220848.971:ERROR:network_change_notifier_win.cc(225)] WSALookupServiceBegin failed with: 0
7월 29, 2022 22:08:53.05 [6248:8328:0729/220853.052:ERROR:device_event_log_impl.cc(214)] [22:08:53.052] Bluetooth: bluetooth_adapter_winrt.cc:1074 Getting Default Adapter failed.
7월 29, 2022 22:09:49.13 [6248:2496:0729/220949.131:ERROR:util.cc(127)] Can't create base directory: C:\Program Files\Google\GoogleUpdater
7월 29, 2022 23:08:40.39 [4960:7392:0729/230840.397:ERROR:network_change_notifier_win.cc(225)] WSALookupServiceBegin failed with: 0
7월 29, 2022 23:08:42.77 [4960:7392:0729/230842.770:ERROR:device_event_log_impl.cc(214)] [23:08:42.770] Bluetooth: bluetooth_adapter_winrt.cc:1074 Getting Default Adapter failed.
7월 29, 2022 23:09:27.28 [3240:8892:0729/230927.288:ERROR:network_change_notifier_win.cc(225)] WSALookupServiceBegin failed with: 0
7월 29, 2022 23:09:30.13 [3240:8892:0729/230930.136:ERROR:device_event_log_impl.cc(214)] [23:09:30.136] Bluetooth: bluetooth_adapter_winrt.cc:1074 Getting Default Adapter failed.
7월 29, 2022 23:10:27.44 [3240:1616:0729/231027.449:ERROR:util.cc(127)] Can't create base directory: C:\Program Files\Google\GoogleUpdater

7월 30, 2022 24:30:34.91 NEW SESSION
7월 30, 2022 24:30:34.91 [1848:9884:0730/003034.910:ERROR:network_change_notifier_win.cc(225)] WSALookupServiceBegin failed with: 0
7월 30, 2022 24:30:37.92 [1848:9884:0730/003037.925:ERROR:device_event_log_impl.cc(214)] [00:30:37.925] Bluetooth: bluetooth_adapter_winrt.cc:1074 Getting Default Adapter failed.
7월 30, 2022 24:31:35.13 [1848:8760:0730/003135.138:ERROR:util.cc(127)] Can't create base directory: C:\Program Files\Google\GoogleUpdater

7월 30, 2022 19:52:34.73 NEW SESSION
7월 30, 2022 19:52:34.73 [2636:5256:0730/195234.737:ERROR:device_event_log_impl.cc(214)] [19:52:34.737] Bluetooth: bluetooth_adapter_winrt.cc:1074 Getting Default Adapter failed.
7월 31, 2022 11:23:51.88 [1540:3136:0731/112351.884:ERROR:device_event_log_impl.cc(214)] [11:23:51.884] Bluetooth: bluetooth_adapter_winrt.cc:1074 Getting Default Adapter failed.
7월 31, 2022 11:24:49.55 [1540:8876:0731/112449.549:ERROR:util.cc(127)] Can't create base directory: C:\Program Files\Google\GoogleUpdater
7월 31, 2022 11:27:20.91 [4700:8872:0731/112720.912:ERROR:device_event_log_impl.cc(214)] [11:27:20.913] Bluetooth: bluetooth_adapter_winrt.cc:1074 Getting Default Adapter failed.
7월 31, 2022 11:28:18.80 [4700:1084:0731/112818.805:ERROR:util.cc(127)] Can't create base directory: C:\Program Files\Google\GoogleUpdater
8월 01, 2022 08:39:18.91 [4700:8872:0801/083918.912:ERROR:device_event_log_impl.cc(214)] [08:39:18.912] USB: usb_service_win.cc:104 SetupDiGetDeviceProperty({{A45C254E-DF1C-4EFD-8020-67D146A850E0}, 6}) failed: 요소가 없습니다. (0x490)

8월 01, 2022 13:10:53.69 NEW SESSION
8월 01, 2022 13:10:53.69 [4568:4540:0801/131053.692:ERROR:device_event_log_impl.cc(214)] [13:10:53.693] Bluetooth: bluetooth_adapter_winrt.cc:1074 Getting Default Adapter failed.
8월 01, 2022 13:11:50.85 [4568:9016:0801/131150.850:ERROR:util.cc(127)] Can't create base directory: C:\Program Files\Google\GoogleUpdater

8월 01, 2022 17:05:47.27 NEW SESSION
8월 01, 2022 17:05:47.27 [4660:2520:0801/170547.273:ERROR:device_event_log_impl.cc(214)] [17:05:47.273] Bluetooth: bluetooth_adapter_winrt.cc:1074 Getting Default Adapter failed.
8월 01, 2022 17:06:44.58 [4660:8944:0801/170644.580:ERROR:util.cc(127)] Can't create base directory: C:\Program Files\Google\GoogleUpdater

8월 01, 2022 20:02:36.45 NEW SESSION
8월 01, 2022 20:02:36.45 [4132:5820:0801/200236.449:ERROR:device_event_log_impl.cc(214)] [20:02:36.449] Bluetooth: bluetooth_adapter_winrt.cc:1074 Getting Default Adapter failed.
8월 01, 2022 20:03:33.56 [4132:3760:0801/200333.558:ERROR:util.cc(127)] Can't create base directory: C:\Program Files\Google\GoogleUpdater

8월 08, 2022 17:23:00.48 NEW SESSION
8월 08, 2022 17:23:00.49 [1116:3968:0808/172300.488:ERROR:device_event_log_impl.cc(214)] [17:23:00.488] Bluetooth: bluetooth_adapter_winrt.cc:1074 Getting Default Adapter failed.
8월 08, 2022 17:24:21.27 [10044:1804:0808/172421.272:ERROR:device_event_log_impl.cc(214)] [17:24:21.272] Bluetooth: bluetooth_adapter_winrt.cc:1074 Getting Default Adapter failed.
8월 08, 2022 17:27:18.43 [6976:7200:0808/172718.435:ERROR:device_event_log_impl.cc(214)] [17:27:18.435] Bluetooth: bluetooth_adapter_winrt.cc:1074 Getting Default Adapter failed.
8월 08, 2022 17:28:16.32 [6976:3592:0808/172816.323:ERROR:util.cc(127)] Can't create base directory: C:\Program Files\Google\GoogleUpdater
8월 08, 2022 17:35:40.98 [9520:8208:0808/173540.989:ERROR:device_event_log_impl.cc(214)] [17:35:40.988] Bluetooth: bluetooth_adapter_winrt.cc:1074 Getting Default Adapter failed.
8월 08, 2022 17:36:38.73 [9520:5184:0808/173638.730:ERROR:util.cc(127)] Can't create base directory: C:\Program Files\Google\GoogleUpdater

8월 09, 2022 16:06:57.44 NEW SESSION
8월 09, 2022 16:06:57.44 [6900:5104:0809/160657.444:ERROR:device_event_log_impl.cc(214)] [16:06:57.444] Bluetooth: bluetooth_adapter_winrt.cc:1074 Getting Default Adapter failed.
8월 09, 2022 16:07:55.23 [6900:9144:0809/160755.233:ERROR:util.cc(127)] Can't create base directory: C:\Program Files\Google\GoogleUpdater

8월 09, 2022 16:32:02.00 NEW SESSION
8월 09, 2022 16:32:02.00 [6976:7852:0809/163202.000:ERROR:device_event_log_impl.cc(214)] [16:32:02.000] Bluetooth: bluetooth_adapter_winrt.cc:1074 Getting Default Adapter failed.
8월 09, 2022 16:32:59.85 [6976:3740:0809/163259.859:ERROR:util.cc(127)] Can't create base directory: C:\Program Files\Google\GoogleUpdater
8월 09, 2022 16:43:20.57 [3188:1680:0809/164320.572:ERROR:device_event_log_impl.cc(214)] [16:43:20.572] Bluetooth: bluetooth_adapter_winrt.cc:1074 Getting Default Adapter failed.
8월 09, 2022 16:44:18.35 [3188:776:0809/164418.353:ERROR:util.cc(127)] Can't create base directory: C:\Program Files\Google\GoogleUpdater
8월 09, 2022 16:48:19.94 [7528:8540:0809/164819.946:ERROR:device_event_log_impl.cc(214)] [16:48:19.946] Bluetooth: bluetooth_adapter_winrt.cc:1074 Getting Default Adapter failed.
8월 09, 2022 16:49:17.66 [7528:7048:0809/164917.664:ERROR:util.cc(127)] Can't create base directory: C:\Program Files\Google\GoogleUpdater

8월 09, 2022 16:52:10.71 NEW SESSION
8월 09, 2022 16:52:10.71 [8304:8308:0809/165210.712:ERROR:device_event_log_impl.cc(214)] [16:52:10.712] Bluetooth: bluetooth_adapter_winrt.cc:1074 Getting Default Adapter failed.
8월 09, 2022 16:55:24.03 [8856:5792:0809/165524.035:ERROR:device_event_log_impl.cc(214)] [16:55:24.036] Bluetooth: bluetooth_adapter_winrt.cc:1074 Getting Default Adapter failed.
8월 09, 2022 16:55:24.12 [8856:4340:0809/165524.120:ERROR:util.cc(127)] Can't create base directory: C:\Program Files\Google\GoogleUpdater

8월 17, 2022 16:54:19.74 NEW SESSION
8월 17, 2022 16:54:19.74 [8156:10044:0817/165419.746:ERROR:device_event_log_impl.cc(214)] [16:54:19.747] Bluetooth: bluetooth_adapter_winrt.cc:1074 Getting Default Adapter failed.
8월 17, 2022 16:54:29.19 [9680:4892:0817/165429.196:ERROR:device_event_log_impl.cc(214)] [16:54:29.196] Bluetooth: bluetooth_adapter_winrt.cc:1074 Getting Default Adapter failed.
8월 17, 2022 16:55:27.08 [9680:5476:0817/165527.086:ERROR:util.cc(127)] Can't create base directory: C:\Program Files\Google\GoogleUpdater
8월 17, 2022 17:04:26.72 [432:2232:0817/170426.719:ERROR:device_event_log_impl.cc(214)] [17:04:26.719] Bluetooth: bluetooth_adapter_winrt.cc:1074 Getting Default Adapter failed.

8월 22, 2022 16:26:19.54 NEW SESSION
8월 22, 2022 16:26:19.54 [6440:6444:0822/162619.545:ERROR:device_event_log_impl.cc(214)] [16:26:19.546] Bluetooth: bluetooth_adapter_winrt.cc:1074 Getting Default Adapter failed.
8월 22, 2022 16:26:19.69 [6440:4536:0822/162619.692:ERROR:util.cc(127)] Can't create base directory: C:\Program Files\Google\GoogleUpdater
8월 22, 2022 16:36:22.78 [872:4404:0822/163622.782:ERROR:device_event_log_impl.cc(214)] [16:36:22.782] Bluetooth: bluetooth_adapter_winrt.cc:1074 Getting Default Adapter failed.
8월 22, 2022 16:36:55.65 [8172:1776:0822/163655.653:ERROR:device_event_log_impl.cc(214)] [16:36:55.653] Bluetooth: bluetooth_adapter_winrt.cc:1074 Getting Default Adapter failed.
8월 22, 2022 16:42:37.05 [7804:7432:0822/164237.052:ERROR:device_event_log_impl.cc(214)] [16:42:37.052] Bluetooth: bluetooth_adapter_winrt.cc:1074 Getting Default Adapter failed.
8월 22, 2022 16:43:34.86 [7804:2024:0822/164334.869:ERROR:util.cc(127)] Can't create base directory: C:\Program Files\Google\GoogleUpdater

8월 22, 2022 16:55:21.35 NEW SESSION
8월 22, 2022 16:55:21.35 [7564:2076:0822/165521.350:ERROR:device_event_log_impl.cc(214)] [16:55:21.349] Bluetooth: bluetooth_adapter_winrt.cc:1074 Getting Default Adapter failed.
8월 22, 2022 16:56:15.53 [1776:1668:0822/165615.536:ERROR:device_event_log_impl.cc(214)] [16:56:15.536] Bluetooth: bluetooth_adapter_winrt.cc:1074 Getting Default Adapter failed.
8월 22, 2022 17:00:47.37 [6656:4788:0822/170047.370:ERROR:device_event_log_impl.cc(214)] [17:00:47.371] Bluetooth: bluetooth_adapter_winrt.cc:1074 Getting Default Adapter failed.
8월 22, 2022 17:00:55.67 [4624:1144:0822/170055.669:ERROR:device_event_log_impl.cc(214)] [17:00:55.669] Bluetooth: bluetooth_adapter_winrt.cc:1074 Getting Default Adapter failed.
8월 22, 2022 17:01:52.42 [4624:6020:0822/170152.422:ERROR:util.cc(127)] Can't create base directory: C:\Program Files\Google\GoogleUpdater
8월 22, 2022 17:37:11.30 [8816:176:0822/173711.307:ERROR:device_event_log_impl.cc(214)] [17:37:11.307] Bluetooth: bluetooth_adapter_winrt.cc:1074 Getting Default Adapter failed.
8월 22, 2022 17:37:11.45 [8816:4012:0822/173711.453:ERROR:util.cc(127)] Can't create base directory: C:\Program Files\Google\GoogleUpdater
8월 23, 2022 16:22:09.04 [9800:9720:0823/162209.037:ERROR:device_event_log_impl.cc(214)] [16:22:09.037] Bluetooth: bluetooth_adapter_winrt.cc:1074 Getting Default Adapter failed.
8월 23, 2022 16:25:55.17 [9260:4228:0823/162555.172:ERROR:device_event_log_impl.cc(214)] [16:25:55.172] Bluetooth: bluetooth_adapter_winrt.cc:1074 Getting Default Adapter failed.
8월 23, 2022 16:29:24.38 [9936:7164:0823/162924.388:ERROR:device_event_log_impl.cc(214)] [16:29:24.387] Bluetooth: bluetooth_adapter_winrt.cc:1074 Getting Default Adapter failed.
8월 23, 2022 16:30:21.25 [9936:4572:0823/163021.248:ERROR:util.cc(127)] Can't create base directory: C:\Program Files\Google\GoogleUpdater
8월 23, 2022 17:38:37.20 [5220:3244:0823/173837.206:ERROR:device_event_log_impl.cc(214)] [17:38:37.206] Bluetooth: bluetooth_adapter_winrt.cc:1074 Getting Default Adapter failed.
8월 23, 2022 17:39:33.57 [5220:7472:0823/173933.578:ERROR:util.cc(127)] Can't create base directory: C:\Program Files\Google\GoogleUpdater

8월 24, 2022 16:08:57.19 NEW SESSION
8월 24, 2022 16:08:57.19 [928:5620:0824/160857.188:ERROR:device_event_log_impl.cc(214)] [16:08:57.189] Bluetooth: bluetooth_adapter_winrt.cc:1074 Getting Default Adapter failed.
8월 24, 2022 16:09:53.23 [928:5504:0824/160953.235:ERROR:util.cc(127)] Can't create base directory: C:\Program Files\Google\GoogleUpdater
8월 24, 2022 16:37:30.58 [4792:7356:0824/163730.581:ERROR:device_event_log_impl.cc(214)] [16:37:30.581] Bluetooth: bluetooth_adapter_winrt.cc:1074 Getting Default Adapter failed.
8월 24, 2022 16:38:28.32 [4792:2968:0824/163828.322:ERROR:util.cc(127)] Can't create base directory: C:\Program Files\Google\GoogleUpdater
8월 24, 2022 16:59:53.70 [4640:3100:0824/165953.709:ERROR:device_event_log_impl.cc(214)] [16:59:53.709] Bluetooth: bluetooth_adapter_winrt.cc:1074 Getting Default Adapter failed.
8월 24, 2022 17:00:11.51 [4388:6084:0824/170011.512:ERROR:device_event_log_impl.cc(214)] [17:00:11.512] Bluetooth: bluetooth_adapter_winrt.cc:1074 Getting Default Adapter failed.
8월 24, 2022 17:01:08.30 [4388:556:0824/170108.309:ERROR:util.cc(127)] Can't create base directory: C:\Program Files\Google\GoogleUpdater
8월 24, 2022 17:11:33.05 [2760:4756:0824/171133.056:ERROR:device_event_log_impl.cc(214)] [17:11:33.056] Bluetooth: bluetooth_adapter_winrt.cc:1074 Getting Default Adapter failed.
8월 24, 2022 17:12:30.35 [2760:5368:0824/171230.354:ERROR:util.cc(127)] Can't create base directory: C:\Program Files\Google\GoogleUpdater
8월 24, 2022 17:34:42.71 [5268:3944:0824/173442.717:ERROR:device_event_log_impl.cc(214)] [17:34:42.717] Bluetooth: bluetooth_adapter_winrt.cc:1074 Getting Default Adapter failed.
8월 24, 2022 17:35:37.96 [5268:8272:0824/173537.962:ERROR:util.cc(127)] Can't create base directory: C:\Program Files\Google\GoogleUpdater
8월 25, 2022 09:13:57.88 [1628:4200:0825/091357.884:ERROR:device_event_log_impl.cc(214)] [09:13:57.884] Bluetooth: bluetooth_adapter_winrt.cc:1074 Getting Default Adapter failed.
8월 25, 2022 09:14:54.75 [1628:2900:0825/091454.749:ERROR:util.cc(127)] Can't create base directory: C:\Program Files\Google\GoogleUpdater

8월 25, 2022 15:25:29.87 NEW SESSION
8월 25, 2022 15:25:29.88 [2848:8936:0825/152529.877:ERROR:device_event_log_impl.cc(214)] [15:25:29.877] Bluetooth: bluetooth_adapter_winrt.cc:1074 Getting Default Adapter failed.
8월 25, 2022 15:26:25.79 [2848:1624:0825/152625.795:ERROR:util.cc(127)] Can't create base directory: C:\Program Files\Google\GoogleUpdater

8월 25, 2022 15:41:38.01 NEW SESSION
8월 25, 2022 15:41:38.01 [6416:4692:0825/154138.008:ERROR:device_event_log_impl.cc(214)] [15:41:38.009] Bluetooth: bluetooth_adapter_winrt.cc:1074 Getting Default Adapter failed.
8월 25, 2022 15:49:48.50 [7068:1104:0825/154948.500:ERROR:device_event_log_impl.cc(214)] [15:49:48.500] Bluetooth: bluetooth_adapter_winrt.cc:1074 Getting Default Adapter failed.
8월 25, 2022 15:50:28.58 [3424:2140:0825/155028.583:ERROR:device_event_log_impl.cc(214)] [15:50:28.582] Bluetooth: bluetooth_adapter_winrt.cc:1074 Getting Default Adapter failed.

8월 25, 2022 15:56:49.61 NEW SESSION
8월 25, 2022 15:56:49.61 [3244:3784:0825/155649.610:ERROR:device_event_log_impl.cc(214)] [15:56:49.609] Bluetooth: bluetooth_adapter_winrt.cc:1074 Getting Default Adapter failed.
8월 25, 2022 15:57:00.86 [9080:7116:0825/155700.866:ERROR:device_event_log_impl.cc(214)] [15:57:00.867] Bluetooth: bluetooth_adapter_winrt.cc:1074 Getting Default Adapter failed.
8월 25, 2022 15:57:59.09 [7004:9036:0825/155759.090:ERROR:device_event_log_impl.cc(214)] [15:57:59.090] Bluetooth: bluetooth_adapter_winrt.cc:1074 Getting Default Adapter failed.
8월 25, 2022 15:58:55.97 [7004:724:0825/155855.973:ERROR:util.cc(127)] Can't create base directory: C:\Program Files\Google\GoogleUpdater

8월 25, 2022 16:04:19.57 NEW SESSION
8월 25, 2022 16:04:19.57 [6184:3196:0825/160419.574:ERROR:device_event_log_impl.cc(214)] [16:04:19.573] Bluetooth: bluetooth_adapter_winrt.cc:1074 Getting Default Adapter failed.
8월 25, 2022 16:51:04.82 [7760:920:0825/165104.826:ERROR:device_event_log_impl.cc(214)] [16:51:04.827] Bluetooth: bluetooth_adapter_winrt.cc:1074 Getting Default Adapter failed.
8월 25, 2022 17:07:09.53 [8592:4524:0825/170709.531:ERROR:device_event_log_impl.cc(214)] [17:07:09.531] Bluetooth: bluetooth_adapter_winrt.cc:1074 Getting Default Adapter failed.
8월 25, 2022 17:38:32.39 [9112:8300:0825/173832.396:ERROR:device_event_log_impl.cc(214)] [17:38:32.397] Bluetooth: bluetooth_adapter_winrt.cc:1074 Getting Default Adapter failed.
8월 26, 2022 14:32:48.13 [3044:1644:0826/143248.135:ERROR:device_event_log_impl.cc(214)] [14:32:48.135] Bluetooth: bluetooth_adapter_winrt.cc:1074 Getting Default Adapter failed.
8월 26, 2022 14:33:45.83 [3044:7348:0826/143345.834:ERROR:util.cc(127)] Can't create base directory: C:\Program Files\Google\GoogleUpdater
8월 26, 2022 15:07:42.75 [3044:1644:0826/150742.752:ERROR:device_event_log_impl.cc(214)] [15:07:42.752] USB: usb_service_win.cc:104 SetupDiGetDeviceProperty({{A45C254E-DF1C-4EFD-8020-67D146A850E0}, 6}) failed: 요소가 없습니다. (0x490)

8월 29, 2022 14:51:12.21 NEW SESSION
8월 29, 2022 14:51:12.21 [9876:8884:0829/145112.217:ERROR:device_event_log_impl.cc(214)] [14:51:12.216] Bluetooth: bluetooth_adapter_winrt.cc:1074 Getting Default Adapter failed.

8월 29, 2022 17:36:03.90 NEW SESSION
8월 29, 2022 17:36:03.90 [1584:4544:0829/173603.905:ERROR:device_event_log_impl.cc(214)] [17:36:03.905] Bluetooth: bluetooth_adapter_winrt.cc:1074 Getting Default Adapter failed.
8월 29, 2022 17:38:27.91 [3016:3768:0829/173827.917:ERROR:device_event_log_impl.cc(214)] [17:38:27.917] Bluetooth: bluetooth_adapter_winrt.cc:1074 Getting Default Adapter failed.
8월 29, 2022 17:39:24.24 [3016:8956:0829/173924.245:ERROR:util.cc(127)] Can't create base directory: C:\Program Files\Google\GoogleUpdater
8월 29, 2022 18:34:10.36 [3016:3768:0829/183410.366:ERROR:device_event_log_impl.cc(214)] [18:34:10.362] USB: usb_service_win.cc:104 SetupDiGetDeviceProperty({{A45C254E-DF1C-4EFD-8020-67D146A850E0}, 6}) failed: 요소가 없습니다. (0x490)
8월 31, 2022 12:09:00.09 [3016:3768:0831/120900.090:ERROR:device_event_log_impl.cc(214)] [12:09:00.070] USB: usb_service_win.cc:104 SetupDiGetDeviceProperty({{A45C254E-DF1C-4EFD-8020-67D146A850E0}, 6}) failed: 요소가 없습니다. (0x490)
8월 31, 2022 12:09:04.77 [3016:8956:0831/120904.772:ERROR:util.cc(127)] Can't create base directory: C:\Program Files\Google\GoogleUpdater
8월 31, 2022 12:10:16.57 [3016:3768:0831/121016.573:ERROR:device_event_log_impl.cc(214)] [12:10:15.947] USB: usb_service_win.cc:104 SetupDiGetDeviceProperty({{A45C254E-DF1C-4EFD-8020-67D146A850E0}, 6}) failed: 요소가 없습니다. (0x490)

8월 31, 2022 12:15:22.88 NEW SESSION
8월 31, 2022 12:15:22.88 [5448:1484:0831/121522.883:ERROR:device_event_log_impl.cc(214)] [12:15:22.883] Bluetooth: bluetooth_adapter_winrt.cc:1074 Getting Default Adapter failed.
8월 31, 2022 12:16:18.90 [5448:8012:0831/121618.906:ERROR:util.cc(127)] Can't create base directory: C:\Program Files\Google\GoogleUpdater

8월 31, 2022 13:40:42.26 NEW SESSION
8월 31, 2022 13:40:42.26 [8388:4628:0831/134042.259:ERROR:device_event_log_impl.cc(214)] [13:40:42.259] Bluetooth: bluetooth_adapter_winrt.cc:1074 Getting Default Adapter failed.
8월 31, 2022 13:41:39.94 [8388:664:0831/134139.939:ERROR:util.cc(127)] Can't create base directory: C:\Program Files\Google\GoogleUpdater
8월 31, 2022 16:23:38.22 [8388:4628:0831/162338.222:ERROR:device_event_log_impl.cc(214)] [16:23:38.222] USB: usb_service_win.cc:104 SetupDiGetDeviceProperty({{A45C254E-DF1C-4EFD-8020-67D146A850E0}, 6}) failed: 요소가 없습니다. (0x490)

9월 01, 2022 12:44:49.80 NEW SESSION
9월 01, 2022 12:44:49.80 [8448:5544:0901/124449.798:ERROR:device_event_log_impl.cc(214)] [12:44:49.798] Bluetooth: bluetooth_adapter_winrt.cc:1074 Getting Default Adapter failed.
9월 01, 2022 12:45:46.17 [8448:5048:0901/124546.175:ERROR:util.cc(127)] Can't create base directory: C:\Program Files\Google\GoogleUpdater

9월 01, 2022 14:45:50.52 NEW SESSION
9월 01, 2022 14:45:50.52 [3816:4196:0901/144550.523:ERROR:device_event_log_impl.cc(214)] [14:45:50.523] Bluetooth: bluetooth_adapter_winrt.cc:1074 Getting Default Adapter failed.
9월 01, 2022 14:46:47.65 [3816:996:0901/144647.653:ERROR:util.cc(129)] Can't create base directory: C:\Program Files\Google\GoogleUpdater
9월 01, 2022 17:37:54.55 [3816:4196:0901/173754.549:ERROR:device_event_log_impl.cc(214)] [17:37:54.485] USB: usb_service_win.cc:104 SetupDiGetDeviceProperty({{A45C254E-DF1C-4EFD-8020-67D146A850E0}, 6}) failed: 요소가 없습니다. (0x490)

9월 02, 2022 09:03:13.06 NEW SESSION
9월 02, 2022 09:03:13.06 [1424:1496:0902/090313.064:ERROR:device_event_log_impl.cc(214)] [09:03:13.064] Bluetooth: bluetooth_adapter_winrt.cc:1074 Getting Default Adapter failed.
9월 02, 2022 09:04:09.79 [1424:8524:0902/090409.788:ERROR:util.cc(129)] Can't create base directory: C:\Program Files\Google\GoogleUpdater
9월 02, 2022 09:10:48.73 [8332:1240:0902/091048.729:ERROR:device_event_log_impl.cc(214)] [09:10:48.729] Bluetooth: bluetooth_adapter_winrt.cc:1074 Getting Default Adapter failed.
9월 02, 2022 09:11:46.59 [8332:7256:0902/091146.594:ERROR:util.cc(129)] Can't create base directory: C:\Program Files\Google\GoogleUpdater
9월 02, 2022 14:12:00.61 [8332:1240:0902/141200.617:ERROR:device_event_log_impl.cc(214)] [14:12:00.615] USB: usb_service_win.cc:104 SetupDiGetDeviceProperty({{A45C254E-DF1C-4EFD-8020-67D146A850E0}, 6}) failed: 요소가 없습니다. (0x490)
9월 02, 2022 14:12:03.92 [8332:7256:0902/141203.928:ERROR:util.cc(129)] Can't create base directory: C:\Program Files\Google\GoogleUpdater
9월 02, 2022 14:45:27.52 [2764:3772:0902/144527.525:ERROR:device_event_log_impl.cc(214)] [14:45:27.525] Bluetooth: bluetooth_adapter_winrt.cc:1074 Getting Default Adapter failed.
9월 02, 2022 14:46:25.27 [2764:8056:0902/144625.271:ERROR:util.cc(129)] Can't create base directory: C:\Program Files\Google\GoogleUpdater
9월 05, 2022 14:11:47.76 [2764:3772:0905/141147.764:ERROR:device_event_log_impl.cc(214)] [14:11:47.763] USB: usb_service_win.cc:104 SetupDiGetDeviceProperty({{A45C254E-DF1C-4EFD-8020-67D146A850E0}, 6}) failed: 요소가 없습니다. (0x490)
9월 05, 2022 16:08:31.81 [2764:8888:0905/160831.816:ERROR:util.cc(129)] Can't create base directory: C:\Program Files\Google\GoogleUpdater
9월 05, 2022 16:16:59.79 [5312:556:0905/161659.790:ERROR:device_event_log_impl.cc(214)] [16:16:59.790] Bluetooth: bluetooth_adapter_winrt.cc:1074 Getting Default Adapter failed.
9월 05, 2022 16:17:56.01 [5312:7628:0905/161756.012:ERROR:util.cc(129)] Can't create base directory: C:\Program Files\Google\GoogleUpdater
9월 06, 2022 14:26:11.57 [7336:3900:0906/142611.572:ERROR:device_event_log_impl.cc(214)] [14:26:11.572] Bluetooth: bluetooth_adapter_winrt.cc:1074 Getting Default Adapter failed.
9월 06, 2022 14:27:08.16 [7336:9836:0906/142708.167:ERROR:util.cc(129)] Can't create base directory: C:\Program Files\Google\GoogleUpdater
9월 06, 2022 15:18:34.05 [9800:4372:0906/151834.051:ERROR:device_event_log_impl.cc(214)] [15:18:34.050] Bluetooth: bluetooth_adapter_winrt.cc:1074 Getting Default Adapter failed.
9월 06, 2022 15:19:30.51 [9800:2352:0906/151930.511:ERROR:util.cc(129)] Can't create base directory: C:\Program Files\Google\GoogleUpdater
9월 06, 2022 15:21:01.57 [9284:10140:0906/152101.576:ERROR:device_event_log_impl.cc(214)] [15:21:01.576] Bluetooth: bluetooth_adapter_winrt.cc:1074 Getting Default Adapter failed.
9월 06, 2022 15:21:58.37 [7268:4772:0906/152158.375:ERROR:device_event_log_impl.cc(214)] [15:21:58.375] Bluetooth: bluetooth_adapter_winrt.cc:1074 Getting Default Adapter failed.
9월 06, 2022 15:22:54.96 [7268:10180:0906/152254.966:ERROR:util.cc(129)] Can't create base directory: C:\Program Files\Google\GoogleUpdater
9월 06, 2022 15:33:44.53 [5644:3788:0906/153344.533:ERROR:device_event_log_impl.cc(214)] [15:33:44.533] Bluetooth: bluetooth_adapter_winrt.cc:1074 Getting Default Adapter failed.
9월 06, 2022 15:34:23.03 [9332:704:0906/153423.030:ERROR:device_event_log_impl.cc(214)] [15:34:23.030] Bluetooth: bluetooth_adapter_winrt.cc:1074 Getting Default Adapter failed.
9월 06, 2022 15:35:19.82 [9332:856:0906/153519.823:ERROR:util.cc(129)] Can't create base directory: C:\Program Files\Google\GoogleUpdater
9월 06, 2022 15:35:25.35 [3404:1420:0906/153525.351:ERROR:device_event_log_impl.cc(214)] [15:35:25.352] Bluetooth: bluetooth_adapter_winrt.cc:1074 Getting Default Adapter failed.
9월 06, 2022 15:36:22.32 [3404:9948:0906/153622.320:ERROR:util.cc(129)] Can't create base directory: C:\Program Files\Google\GoogleUpdater
9월 06, 2022 16:13:32.39 기존 브라우저 세션에서 여는 중입니다.
9월 06, 2022 16:13:34.33 [9256:7980:0906/161334.334:ERROR:device_event_log_impl.cc(214)] [16:13:34.334] Bluetooth: bluetooth_adapter_winrt.cc:1074 Getting Default Adapter failed.
9월 06, 2022 16:14:32.06 [9256:4752:0906/161432.064:ERROR:util.cc(129)] Can't create base directory: C:\Program Files\Google\GoogleUpdater

9월 07, 2022 09:36:41.26 NEW SESSION
9월 07, 2022 09:36:41.26 [6168:412:0907/093641.263:ERROR:device_event_log_impl.cc(214)] [09:36:41.263] Bluetooth: bluetooth_adapter_winrt.cc:1074 Getting Default Adapter failed.
9월 07, 2022 09:37:38.10 [6168:1808:0907/093738.101:ERROR:util.cc(129)] Can't create base directory: C:\Program Files\Google\GoogleUpdater
9월 07, 2022 10:39:21.89 [6168:412:0907/103921.882:ERROR:device_event_log_impl.cc(214)] [10:39:21.703] USB: usb_service_win.cc:104 SetupDiGetDeviceProperty({{A45C254E-DF1C-4EFD-8020-67D146A850E0}, 6}) failed: 요소가 없습니다. (0x490)
9월 07, 2022 12:33:04.32 [6168:412:0907/123304.319:ERROR:device_event_log_impl.cc(214)] [12:33:04.317] USB: usb_service_win.cc:104 SetupDiGetDeviceProperty({{A45C254E-DF1C-4EFD-8020-67D146A850E0}, 6}) failed: 요소가 없습니다. (0x490)
9월 07, 2022 14:22:29.74 [6168:412:0907/142229.744:ERROR:device_event_log_impl.cc(214)] [14:22:29.744] USB: usb_service_win.cc:104 SetupDiGetDeviceProperty({{A45C254E-DF1C-4EFD-8020-67D146A850E0}, 6}) failed: 요소가 없습니다. (0x490)
9월 07, 2022 14:37:38.10 [6168:3360:0907/143738.101:ERROR:util.cc(129)] Can't create base directory: C:\Program Files\Google\GoogleUpdater

9월 07, 2022 16:47:12.19 NEW SESSION
9월 07, 2022 16:47:12.19 [5808:8760:0907/164712.187:ERROR:device_event_log_impl.cc(214)] [16:47:12.187] Bluetooth: bluetooth_adapter_winrt.cc:1074 Getting Default Adapter failed.
9월 07, 2022 16:51:34.28 [432:7436:0907/165134.286:ERROR:device_event_log_impl.cc(214)] [16:51:34.286] Bluetooth: bluetooth_adapter_winrt.cc:1074 Getting Default Adapter failed.
9월 07, 2022 16:52:32.10 [432:360:0907/165232.099:ERROR:util.cc(129)] Can't create base directory: C:\Program Files\Google\GoogleUpdater
9월 08, 2022 14:58:33.40 [432:7436:0908/145833.405:ERROR:device_event_log_impl.cc(214)] [14:58:33.405] USB: usb_service_win.cc:104 SetupDiGetDeviceProperty({{A45C254E-DF1C-4EFD-8020-67D146A850E0}, 6}) failed: 요소가 없습니다. (0x490)
9월 14, 2022 08:50:12.90 [432:7436:0914/085012.884:ERROR:device_event_log_impl.cc(214)] [08:50:12.884] USB: usb_service_win.cc:104 SetupDiGetDeviceProperty({{A45C254E-DF1C-4EFD-8020-67D146A850E0}, 6}) failed: 요소가 없습니다. (0x490)

9월 25, 2022 10:03:23.06 NEW SESSION
9월 25, 2022 10:03:23.06 [7376:5444:0925/100323.062:ERROR:device_event_log_impl.cc(214)] [10:03:23.061] Bluetooth: bluetooth_adapter_winrt.cc:1074 Getting Default Adapter failed.
9월 25, 2022 10:04:19.91 [7376:1284:0925/100419.915:ERROR:util.cc(129)] Can't create base directory: C:\Program Files\Google\GoogleUpdater
9월 25, 2022 10:46:47.64 [2308:3760:0925/104647.639:ERROR:device_event_log_impl.cc(214)] [10:46:47.639] Bluetooth: bluetooth_adapter_winrt.cc:1074 Getting Default Adapter failed.
9월 25, 2022 10:47:45.47 [2308:5396:0925/104745.474:ERROR:util.cc(129)] Can't create base directory: C:\Program Files\Google\GoogleUpdater
